<?xml version="1.0" encoding="UTF-8"?>
<testng-results skipped="0" failed="0" ignored="0" total="1" passed="1">
  <reporter-output>
  </reporter-output>
  <suite name="Default suite" duration-ms="4025" started-at="2022-09-26T07:48:48Z" finished-at="2022-09-26T07:48:52Z">
    <groups>
    </groups>
    <test name="Default test" duration-ms="4025" started-at="2022-09-26T07:48:48Z" finished-at="2022-09-26T07:48:52Z">
      <class name="org.qa.restapi.tests.DELETE_Call">
        <test-method status="PASS" signature="delete_Test()[pri:0, instance:org.qa.restapi.tests.DELETE_Call@457e2f02]" name="delete_Test" duration-ms="3990" started-at="2022-09-26T07:48:48Z" finished-at="2022-09-26T07:48:52Z">
          <reporter-output>
          </reporter-output>
        </test-method> <!-- delete_Test -->
      </class> <!-- org.qa.restapi.tests.DELETE_Call -->
    </test> <!-- Default test -->
  </suite> <!-- Default suite -->
</testng-results>
